<testsuites id="" name="" tests="15" failures="0" skipped="15" errors="0" time="0.2641370000000002">
<testsuite name="card-creation.spec.ts" timestamp="2026-05-14T14:08:21.633Z" hostname="chromium" tests="5" failures="0" skipped="5" time="0" errors="0">
<testcase name="Card Creation Journey › @smoke should create a card successfully" classname="card-creation.spec.ts" time="0">
<skipped>
</skipped>
</testcase>
<testcase name="Card Creation Journey › should handle form validation errors" classname="card-creation.spec.ts" time="0">
<skipped>
</skipped>
</testcase>
<testcase name="Card Creation Journey › should randomize stats correctly" classname="card-creation.spec.ts" time="0">
<skipped>
</skipped>
</testcase>
<testcase name="Card Creation Journey › should create card with predefined player data" classname="card-creation.spec.ts" time="0">
<skipped>
</skipped>
</testcase>
<testcase name="Card Creation Journey › should clear form on reset" classname="card-creation.spec.ts" time="0">
<skipped>
</skipped>
</testcase>
</testsuite>
<testsuite name="card-creation.spec.ts" timestamp="2026-05-14T14:08:21.633Z" hostname="firefox" tests="5" failures="0" skipped="5" time="0" errors="0">
<testcase name="Card Creation Journey › @smoke should create a card successfully" classname="card-creation.spec.ts" time="0">
<skipped>
</skipped>
</testcase>
<testcase name="Card Creation Journey › should handle form validation errors" classname="card-creation.spec.ts" time="0">
<skipped>
</skipped>
</testcase>
<testcase name="Card Creation Journey › should randomize stats correctly" classname="card-creation.spec.ts" time="0">
<skipped>
</skipped>
</testcase>
<testcase name="Card Creation Journey › should create card with predefined player data" classname="card-creation.spec.ts" time="0">
<skipped>
</skipped>
</testcase>
<testcase name="Card Creation Journey › should clear form on reset" classname="card-creation.spec.ts" time="0">
<skipped>
</skipped>
</testcase>
</testsuite>
<testsuite name="card-creation.spec.ts" timestamp="2026-05-14T14:08:21.633Z" hostname="webkit" tests="5" failures="0" skipped="5" time="0" errors="0">
<testcase name="Card Creation Journey › @smoke should create a card successfully" classname="card-creation.spec.ts" time="0">
<skipped>
</skipped>
</testcase>
<testcase name="Card Creation Journey › should handle form validation errors" classname="card-creation.spec.ts" time="0">
<skipped>
</skipped>
</testcase>
<testcase name="Card Creation Journey › should randomize stats correctly" classname="card-creation.spec.ts" time="0">
<skipped>
</skipped>
</testcase>
<testcase name="Card Creation Journey › should create card with predefined player data" classname="card-creation.spec.ts" time="0">
<skipped>
</skipped>
</testcase>
<testcase name="Card Creation Journey › should clear form on reset" classname="card-creation.spec.ts" time="0">
<skipped>
</skipped>
</testcase>
</testsuite>
</testsuites>